<?xml version="1.0" encoding="UTF-8"?>
<!-- Generated by org.testng.reporters.JUnitReportReporter -->
<testsuite hostname="PRINHYLTPAP1068.local" name="ApiAutomation.ApiAutomation.GetRequest" tests="1" failures="0" timestamp="7 Apr 2018 13:24:48 GMT" time="4.054" errors="0">
  <testcase name="printLogsForParamsAndBody" time="4.054" classname="ApiAutomation.ApiAutomation.GetRequest"/>
</testsuite> <!-- ApiAutomation.ApiAutomation.GetRequest -->
